This is pdfTeX, Version 3.14159265-2.6-1.40.18 (TeX Live 2017) (preloaded format=pdflatex 2017.5.23)  17 JAN 2018 11:07
entering extended mode
 restricted \write18 enabled.
 %&-line parsing enabled.
**lab1
(./lab1.tex
LaTeX2e <2017-04-15>
Babel <3.10> and hyphenation patterns for 84 language(s) loaded.
(/usr/local/texlive/2017/texmf-dist/tex/latex/base/article.cls
Document Class: article 2014/09/29 v1.4h Standard LaTeX document class
(/usr/local/texlive/2017/texmf-dist/tex/latex/base/size10.clo
File: size10.clo 2014/09/29 v1.4h Standard LaTeX file (size option)
)
\c@part=\count79
\c@section=\count80
\c@subsection=\count81
\c@subsubsection=\count82
\c@paragraph=\count83
\c@subparagraph=\count84
\c@figure=\count85
\c@table=\count86
\abovecaptionskip=\skip41
\belowcaptionskip=\skip42
\bibindent=\dimen102
)
(/usr/local/texlive/2017/texmf-dist/tex/latex/graphics/graphicx.sty
Package: graphicx 2014/10/28 v1.0g Enhanced LaTeX Graphics (DPC,SPQR)

(/usr/local/texlive/2017/texmf-dist/tex/latex/graphics/keyval.sty
Package: keyval 2014/10/28 v1.15 key=value parser (DPC)
\KV@toks@=\toks14
)
(/usr/local/texlive/2017/texmf-dist/tex/latex/graphics/graphics.sty
Package: graphics 2017/04/14 v1.1b Standard LaTeX Graphics (DPC,SPQR)

(/usr/local/texlive/2017/texmf-dist/tex/latex/graphics/trig.sty
Package: trig 2016/01/03 v1.10 sin cos tan (DPC)
)
(/usr/local/texlive/2017/texmf-dist/tex/latex/graphics-cfg/graphics.cfg
File: graphics.cfg 2016/06/04 v1.11 sample graphics configuration
)
Package graphics Info: Driver file: pdftex.def on input line 99.

(/usr/local/texlive/2017/texmf-dist/tex/latex/graphics-def/pdftex.def
File: pdftex.def 2017/01/12 v0.06k Graphics/color for pdfTeX

(/usr/local/texlive/2017/texmf-dist/tex/generic/oberdiek/infwarerr.sty
Package: infwarerr 2016/05/16 v1.4 Providing info/warning/error messages (HO)
)
(/usr/local/texlive/2017/texmf-dist/tex/generic/oberdiek/ltxcmds.sty
Package: ltxcmds 2016/05/16 v1.23 LaTeX kernel commands for general use (HO)
)
\Gread@gobject=\count87
))
\Gin@req@height=\dimen103
\Gin@req@width=\dimen104
)
(/usr/local/texlive/2017/texmf-dist/tex/latex/graphics/color.sty
Package: color 2016/07/10 v1.1e Standard LaTeX Color (DPC)

(/usr/local/texlive/2017/texmf-dist/tex/latex/graphics-cfg/color.cfg
File: color.cfg 2016/01/02 v1.6 sample color configuration
)
Package color Info: Driver file: pdftex.def on input line 147.
)
(./lab1.aux)
\openout1 = `lab1.aux'.

LaTeX Font Info:    Checking defaults for OML/cmm/m/it on input line 14.
LaTeX Font Info:    ... okay on input line 14.
LaTeX Font Info:    Checking defaults for T1/cmr/m/n on input line 14.
LaTeX Font Info:    ... okay on input line 14.
LaTeX Font Info:    Checking defaults for OT1/cmr/m/n on input line 14.
LaTeX Font Info:    ... okay on input line 14.
LaTeX Font Info:    Checking defaults for OMS/cmsy/m/n on input line 14.
LaTeX Font Info:    ... okay on input line 14.
LaTeX Font Info:    Checking defaults for OMX/cmex/m/n on input line 14.
LaTeX Font Info:    ... okay on input line 14.
LaTeX Font Info:    Checking defaults for U/cmr/m/n on input line 14.
LaTeX Font Info:    ... okay on input line 14.

(/usr/local/texlive/2017/texmf-dist/tex/context/base/mkii/supp-pdf.mkii
[Loading MPS to PDF converter (version 2006.09.02).]
\scratchcounter=\count88
\scratchdimen=\dimen105
\scratchbox=\box26
\nofMPsegments=\count89
\nofMParguments=\count90
\everyMPshowfont=\toks15
\MPscratchCnt=\count91
\MPscratchDim=\dimen106
\MPnumerator=\count92
\makeMPintoPDFobject=\count93
\everyMPtoPDFconversion=\toks16
) (/usr/local/texlive/2017/texmf-dist/tex/generic/oberdiek/pdftexcmds.sty
Package: pdftexcmds 2017/03/19 v0.25 Utility functions of pdfTeX for LuaTeX (HO
)

(/usr/local/texlive/2017/texmf-dist/tex/generic/oberdiek/ifluatex.sty
Package: ifluatex 2016/05/16 v1.4 Provides the ifluatex switch (HO)
Package ifluatex Info: LuaTeX not detected.
)
(/usr/local/texlive/2017/texmf-dist/tex/generic/oberdiek/ifpdf.sty
Package: ifpdf 2017/03/15 v3.2 Provides the ifpdf switch
)
Package pdftexcmds Info: LuaTeX not detected.
Package pdftexcmds Info: \pdf@primitive is available.
Package pdftexcmds Info: \pdf@ifprimitive is available.
Package pdftexcmds Info: \pdfdraftmode found.
)
(/usr/local/texlive/2017/texmf-dist/tex/latex/oberdiek/epstopdf-base.sty
Package: epstopdf-base 2016/05/15 v2.6 Base part for package epstopdf

(/usr/local/texlive/2017/texmf-dist/tex/latex/oberdiek/grfext.sty
Package: grfext 2016/05/16 v1.2 Manage graphics extensions (HO)

(/usr/local/texlive/2017/texmf-dist/tex/generic/oberdiek/kvdefinekeys.sty
Package: kvdefinekeys 2016/05/16 v1.4 Define keys (HO)
))
(/usr/local/texlive/2017/texmf-dist/tex/latex/oberdiek/kvoptions.sty
Package: kvoptions 2016/05/16 v3.12 Key value format for package options (HO)

(/usr/local/texlive/2017/texmf-dist/tex/generic/oberdiek/kvsetkeys.sty
Package: kvsetkeys 2016/05/16 v1.17 Key value parser (HO)

(/usr/local/texlive/2017/texmf-dist/tex/generic/oberdiek/etexcmds.sty
Package: etexcmds 2016/05/16 v1.6 Avoid name clashes with e-TeX commands (HO)
Package etexcmds Info: Could not find \expanded.
(etexcmds)             That can mean that you are not using pdfTeX 1.50 or
(etexcmds)             that some package has redefined \expanded.
(etexcmds)             In the latter case, load this package earlier.
)))
Package epstopdf-base Info: Redefining graphics rule for `.eps' on input line 4
38.
Package grfext Info: Graphics extension search list:
(grfext)             [.png,.pdf,.jpg,.mps,.jpeg,.jbig2,.jb2,.PNG,.PDF,.JPG,.JPE
G,.JBIG2,.JB2,.eps]
(grfext)             \AppendGraphicsExtensions on input line 456.

(/usr/local/texlive/2017/texmf-dist/tex/latex/latexconfig/epstopdf-sys.cfg
File: epstopdf-sys.cfg 2010/07/13 v1.3 Configuration of (r)epstopdf for TeX Liv
e
))
LaTeX Font Info:    Try loading font information for OMS+cmr on input line 22.

(/usr/local/texlive/2017/texmf-dist/tex/latex/base/omscmr.fd
File: omscmr.fd 2014/09/29 v2.5h Standard LaTeX font definitions
)
LaTeX Font Info:    Font shape `OMS/cmr/m/n' in size <10> not available
(Font)              Font shape `OMS/cmsy/m/n' tried instead on input line 22.

Overfull \hbox (85.49625pt too wide) in paragraph at lines 82--82
[]\OT1/cmtt/m/n/10 title(sprintf('\\gamma=1\nMSE from original: %d',immse(pout,
Gcorrection(pout,1))))[] 
 []

[1

{/usr/local/texlive/2017/texmf-var/fonts/map/pdftex/updmap/pdftex.map}]
Package epstopdf Info: Source file: <Assignment_1_files/lab1_01.eps>
(epstopdf)                    date: 2018-01-17 11:04:22
(epstopdf)                    size: 544235 bytes
(epstopdf)             Output file: <Assignment_1_files/lab1_01-eps-converted-t
o.pdf>
(epstopdf)                    date: 2018-01-17 11:07:19
(epstopdf)                    size: 55199 bytes
(epstopdf)             Command: <repstopdf --outfile=Assignment_1_files/lab1_01
-eps-converted-to.pdf Assignment_1_files/lab1_01.eps>
(epstopdf)             \includegraphics on input line 93.
Package epstopdf Info: Output file is already uptodate.

<Assignment_1_files/lab1_01-eps-converted-to.pdf, id=10, 463.7325pt x 387.4475p
t>
File: Assignment_1_files/lab1_01-eps-converted-to.pdf Graphic file (type pdf)
 <use Assignment_1_files/lab1_01-eps-converted-to.pdf>
Package pdftex.def Info: Assignment_1_files/lab1_01-eps-converted-to.pdf used o
n input line 93.
(pdftex.def)             Requested size: 289.07999pt x 241.52742pt.
Package epstopdf Info: Source file: <Assignment_1_files/lab1_02.eps>
(epstopdf)                    date: 2018-01-17 11:04:23
(epstopdf)                    size: 1216271 bytes
(epstopdf)             Output file: <Assignment_1_files/lab1_02-eps-converted-t
o.pdf>
(epstopdf)                    date: 2018-01-17 11:07:19
(epstopdf)                    size: 240324 bytes
(epstopdf)             Command: <repstopdf --outfile=Assignment_1_files/lab1_02
-eps-converted-to.pdf Assignment_1_files/lab1_02.eps>
(epstopdf)             \includegraphics on input line 95.
Package epstopdf Info: Output file is already uptodate.

<Assignment_1_files/lab1_02-eps-converted-to.pdf, id=11, 436.63126pt x 291.0875
pt>
File: Assignment_1_files/lab1_02-eps-converted-to.pdf Graphic file (type pdf)
 <use Assignment_1_files/lab1_02-eps-converted-to.pdf>
Package pdftex.def Info: Assignment_1_files/lab1_02-eps-converted-to.pdf used o
n input line 95.
(pdftex.def)             Requested size: 289.07999pt x 192.71796pt.
 [2 <./Assignment_1_files/lab1_01-eps-converted-to.pdf>]
Package epstopdf Info: Source file: <Assignment_1_files/lab1_03.eps>
(epstopdf)                    date: 2018-01-17 11:04:23
(epstopdf)                    size: 207031 bytes
(epstopdf)             Output file: <Assignment_1_files/lab1_03-eps-converted-t
o.pdf>
(epstopdf)                    date: 2018-01-17 11:07:20
(epstopdf)                    size: 13629 bytes
(epstopdf)             Command: <repstopdf --outfile=Assignment_1_files/lab1_03
-eps-converted-to.pdf Assignment_1_files/lab1_03.eps>
(epstopdf)             \includegraphics on input line 97.
Package epstopdf Info: Output file is already uptodate.

<Assignment_1_files/lab1_03-eps-converted-to.pdf, id=34, 450.68375pt x 373.395p
t>
File: Assignment_1_files/lab1_03-eps-converted-to.pdf Graphic file (type pdf)
 <use Assignment_1_files/lab1_03-eps-converted-to.pdf>
Package pdftex.def Info: Assignment_1_files/lab1_03-eps-converted-to.pdf used o
n input line 97.
(pdftex.def)             Requested size: 289.07999pt x 239.51895pt.
 [3 <./Assignment_1_files/lab1_02-eps-converted-to.pdf> <./Assignment_1_files/l
ab1_03-eps-converted-to.pdf>]
Overfull \hbox (148.4957pt too wide) in paragraph at lines 130--130
[]    \OT1/cmtt/m/n/10 img_out=img_in+uint8(alph*conv2(double(img_in),[0 -.25 0
; -.25 1 -.25; 0 -.25 0],'same'));[] 
 []

Package epstopdf Info: Source file: <Assignment_1_files/lab1_04.eps>
(epstopdf)                    date: 2018-01-17 11:04:24
(epstopdf)                    size: 341655 bytes
(epstopdf)             Output file: <Assignment_1_files/lab1_04-eps-converted-t
o.pdf>
(epstopdf)                    date: 2018-01-17 11:07:20
(epstopdf)                    size: 45638 bytes
(epstopdf)             Command: <repstopdf --outfile=Assignment_1_files/lab1_04
-eps-converted-to.pdf Assignment_1_files/lab1_04.eps>
(epstopdf)             \includegraphics on input line 132.
Package epstopdf Info: Output file is already uptodate.

<Assignment_1_files/lab1_04-eps-converted-to.pdf, id=68, 469.755pt x 559.08875p
t>
File: Assignment_1_files/lab1_04-eps-converted-to.pdf Graphic file (type pdf)
 <use Assignment_1_files/lab1_04-eps-converted-to.pdf>
Package pdftex.def Info: Assignment_1_files/lab1_04-eps-converted-to.pdf used o
n input line 132.
(pdftex.def)             Requested size: 289.07999pt x 344.05507pt.
 [4]
Package epstopdf Info: Source file: <Assignment_1_files/lab1_05.eps>
(epstopdf)                    date: 2018-01-17 11:04:24
(epstopdf)                    size: 1311693 bytes
(epstopdf)             Output file: <Assignment_1_files/lab1_05-eps-converted-t
o.pdf>
(epstopdf)                    date: 2018-01-17 11:07:21
(epstopdf)                    size: 105466 bytes
(epstopdf)             Command: <repstopdf --outfile=Assignment_1_files/lab1_05
-eps-converted-to.pdf Assignment_1_files/lab1_05.eps>
(epstopdf)             \includegraphics on input line 134.
Package epstopdf Info: Output file is already uptodate.

<Assignment_1_files/lab1_05-eps-converted-to.pdf, id=72, 685.56125pt x 527.9725
pt>
File: Assignment_1_files/lab1_05-eps-converted-to.pdf Graphic file (type pdf)
 <use Assignment_1_files/lab1_05-eps-converted-to.pdf>
Package pdftex.def Info: Assignment_1_files/lab1_05-eps-converted-to.pdf used o
n input line 134.
(pdftex.def)             Requested size: 289.07999pt x 222.63312pt.
 [5 <./Assignment_1_files/lab1_04-eps-converted-to.pdf>] [6 <./Assignment_1_fil
es/lab1_05-eps-converted-to.pdf>]
Package epstopdf Info: Source file: <Assignment_1_files/lab1_06.eps>
(epstopdf)                    date: 2018-01-17 11:04:26
(epstopdf)                    size: 4188667 bytes
(epstopdf)             Output file: <Assignment_1_files/lab1_06-eps-converted-t
o.pdf>
(epstopdf)                    date: 2018-01-17 11:07:21
(epstopdf)                    size: 170432 bytes
(epstopdf)             Command: <repstopdf --outfile=Assignment_1_files/lab1_06
-eps-converted-to.pdf Assignment_1_files/lab1_06.eps>
(epstopdf)             \includegraphics on input line 190.
Package epstopdf Info: Output file is already uptodate.

<Assignment_1_files/lab1_06-eps-converted-to.pdf, id=99, 326.21875pt x 363.3575
pt>
File: Assignment_1_files/lab1_06-eps-converted-to.pdf Graphic file (type pdf)
 <use Assignment_1_files/lab1_06-eps-converted-to.pdf>
Package pdftex.def Info: Assignment_1_files/lab1_06-eps-converted-to.pdf used o
n input line 190.
(pdftex.def)             Requested size: 289.07999pt x 322.01768pt.
 [7]
Package epstopdf Info: Source file: <Assignment_1_files/lab1_07.eps>
(epstopdf)                    date: 2018-01-17 11:04:26
(epstopdf)                    size: 62319 bytes
(epstopdf)             Output file: <Assignment_1_files/lab1_07-eps-converted-t
o.pdf>
(epstopdf)                    date: 2018-01-17 11:07:22
(epstopdf)                    size: 20378 bytes
(epstopdf)             Command: <repstopdf --outfile=Assignment_1_files/lab1_07
-eps-converted-to.pdf Assignment_1_files/lab1_07.eps>
(epstopdf)             \includegraphics on input line 192.
Package epstopdf Info: Output file is already uptodate.

<Assignment_1_files/lab1_07-eps-converted-to.pdf, id=104, 436.63126pt x 189.708
76pt>
File: Assignment_1_files/lab1_07-eps-converted-to.pdf Graphic file (type pdf)
 <use Assignment_1_files/lab1_07-eps-converted-to.pdf>
Package pdftex.def Info: Assignment_1_files/lab1_07-eps-converted-to.pdf used o
n input line 192.
(pdftex.def)             Requested size: 289.07999pt x 125.59894pt.
 [8 <./Assignment_1_files/lab1_06-eps-converted-to.pdf> <./Assignment_1_files/l
ab1_07-eps-converted-to.pdf>] (./lab1.aux) ) 
Here is how much of TeX's memory you used:
 1566 strings out of 492995
 23823 string characters out of 6132704
 83090 words of memory out of 5000000
 5120 multiletter control sequences out of 15000+600000
 4413 words of font info for 17 fonts, out of 8000000 for 9000
 1141 hyphenation exceptions out of 8191
 39i,6n,25p,230b,251s stack positions out of 5000i,500n,10000p,200000b,80000s
</usr/local/texlive/2017/texmf-dist
/fonts/type1/public/amsfonts/cm/cmbx12.pfb></usr/local/texlive/2017/texmf-dist/
fonts/type1/public/amsfonts/cm/cmr10.pfb></usr/local/texlive/2017/texmf-dist/fo
nts/type1/public/amsfonts/cm/cmsy10.pfb></usr/local/texlive/2017/texmf-dist/fon
ts/type1/public/amsfonts/cm/cmtt10.pfb>
Output written on lab1.pdf (8 pages, 679312 bytes).
PDF statistics:
 140 PDF objects out of 1000 (max. 8388607)
 82 compressed objects within 1 object stream
 0 named destinations out of 1000 (max. 500000)
 36 words of extra memory for PDF output out of 10000 (max. 10000000)

