This is pdfTeX, Version 3.14159265-2.6-1.40.18 (TeX Live 2017) (preloaded format=pdflatex 2017.5.23)  30 JAN 2018 18:44
entering extended mode
 restricted \write18 enabled.
 %&-line parsing enabled.
**lab2
(./lab2.tex
LaTeX2e <2017-04-15>
Babel <3.10> and hyphenation patterns for 84 language(s) loaded.
(/usr/local/texlive/2017/texmf-dist/tex/latex/base/article.cls
Document Class: article 2014/09/29 v1.4h Standard LaTeX document class
(/usr/local/texlive/2017/texmf-dist/tex/latex/base/size10.clo
File: size10.clo 2014/09/29 v1.4h Standard LaTeX file (size option)
)
\c@part=\count79
\c@section=\count80
\c@subsection=\count81
\c@subsubsection=\count82
\c@paragraph=\count83
\c@subparagraph=\count84
\c@figure=\count85
\c@table=\count86
\abovecaptionskip=\skip41
\belowcaptionskip=\skip42
\bibindent=\dimen102
)
(/usr/local/texlive/2017/texmf-dist/tex/latex/graphics/graphicx.sty
Package: graphicx 2014/10/28 v1.0g Enhanced LaTeX Graphics (DPC,SPQR)

(/usr/local/texlive/2017/texmf-dist/tex/latex/graphics/keyval.sty
Package: keyval 2014/10/28 v1.15 key=value parser (DPC)
\KV@toks@=\toks14
)
(/usr/local/texlive/2017/texmf-dist/tex/latex/graphics/graphics.sty
Package: graphics 2017/04/14 v1.1b Standard LaTeX Graphics (DPC,SPQR)

(/usr/local/texlive/2017/texmf-dist/tex/latex/graphics/trig.sty
Package: trig 2016/01/03 v1.10 sin cos tan (DPC)
)
(/usr/local/texlive/2017/texmf-dist/tex/latex/graphics-cfg/graphics.cfg
File: graphics.cfg 2016/06/04 v1.11 sample graphics configuration
)
Package graphics Info: Driver file: pdftex.def on input line 99.

(/usr/local/texlive/2017/texmf-dist/tex/latex/graphics-def/pdftex.def
File: pdftex.def 2017/01/12 v0.06k Graphics/color for pdfTeX

(/usr/local/texlive/2017/texmf-dist/tex/generic/oberdiek/infwarerr.sty
Package: infwarerr 2016/05/16 v1.4 Providing info/warning/error messages (HO)
)
(/usr/local/texlive/2017/texmf-dist/tex/generic/oberdiek/ltxcmds.sty
Package: ltxcmds 2016/05/16 v1.23 LaTeX kernel commands for general use (HO)
)
\Gread@gobject=\count87
))
\Gin@req@height=\dimen103
\Gin@req@width=\dimen104
)
(/usr/local/texlive/2017/texmf-dist/tex/latex/graphics/color.sty
Package: color 2016/07/10 v1.1e Standard LaTeX Color (DPC)

(/usr/local/texlive/2017/texmf-dist/tex/latex/graphics-cfg/color.cfg
File: color.cfg 2016/01/02 v1.6 sample color configuration
)
Package color Info: Driver file: pdftex.def on input line 147.
)
(./lab2.aux)
\openout1 = `lab2.aux'.

LaTeX Font Info:    Checking defaults for OML/cmm/m/it on input line 13.
LaTeX Font Info:    ... okay on input line 13.
LaTeX Font Info:    Checking defaults for T1/cmr/m/n on input line 13.
LaTeX Font Info:    ... okay on input line 13.
LaTeX Font Info:    Checking defaults for OT1/cmr/m/n on input line 13.
LaTeX Font Info:    ... okay on input line 13.
LaTeX Font Info:    Checking defaults for OMS/cmsy/m/n on input line 13.
LaTeX Font Info:    ... okay on input line 13.
LaTeX Font Info:    Checking defaults for OMX/cmex/m/n on input line 13.
LaTeX Font Info:    ... okay on input line 13.
LaTeX Font Info:    Checking defaults for U/cmr/m/n on input line 13.
LaTeX Font Info:    ... okay on input line 13.

(/usr/local/texlive/2017/texmf-dist/tex/context/base/mkii/supp-pdf.mkii
[Loading MPS to PDF converter (version 2006.09.02).]
\scratchcounter=\count88
\scratchdimen=\dimen105
\scratchbox=\box26
\nofMPsegments=\count89
\nofMParguments=\count90
\everyMPshowfont=\toks15
\MPscratchCnt=\count91
\MPscratchDim=\dimen106
\MPnumerator=\count92
\makeMPintoPDFobject=\count93
\everyMPtoPDFconversion=\toks16
) (/usr/local/texlive/2017/texmf-dist/tex/generic/oberdiek/pdftexcmds.sty
Package: pdftexcmds 2017/03/19 v0.25 Utility functions of pdfTeX for LuaTeX (HO
)

(/usr/local/texlive/2017/texmf-dist/tex/generic/oberdiek/ifluatex.sty
Package: ifluatex 2016/05/16 v1.4 Provides the ifluatex switch (HO)
Package ifluatex Info: LuaTeX not detected.
)
(/usr/local/texlive/2017/texmf-dist/tex/generic/oberdiek/ifpdf.sty
Package: ifpdf 2017/03/15 v3.2 Provides the ifpdf switch
)
Package pdftexcmds Info: LuaTeX not detected.
Package pdftexcmds Info: \pdf@primitive is available.
Package pdftexcmds Info: \pdf@ifprimitive is available.
Package pdftexcmds Info: \pdfdraftmode found.
)
(/usr/local/texlive/2017/texmf-dist/tex/latex/oberdiek/epstopdf-base.sty
Package: epstopdf-base 2016/05/15 v2.6 Base part for package epstopdf

(/usr/local/texlive/2017/texmf-dist/tex/latex/oberdiek/grfext.sty
Package: grfext 2016/05/16 v1.2 Manage graphics extensions (HO)

(/usr/local/texlive/2017/texmf-dist/tex/generic/oberdiek/kvdefinekeys.sty
Package: kvdefinekeys 2016/05/16 v1.4 Define keys (HO)
))
(/usr/local/texlive/2017/texmf-dist/tex/latex/oberdiek/kvoptions.sty
Package: kvoptions 2016/05/16 v3.12 Key value format for package options (HO)

(/usr/local/texlive/2017/texmf-dist/tex/generic/oberdiek/kvsetkeys.sty
Package: kvsetkeys 2016/05/16 v1.17 Key value parser (HO)

(/usr/local/texlive/2017/texmf-dist/tex/generic/oberdiek/etexcmds.sty
Package: etexcmds 2016/05/16 v1.6 Avoid name clashes with e-TeX commands (HO)
Package etexcmds Info: Could not find \expanded.
(etexcmds)             That can mean that you are not using pdfTeX 1.50 or
(etexcmds)             that some package has redefined \expanded.
(etexcmds)             In the latter case, load this package earlier.
)))
Package epstopdf-base Info: Redefining graphics rule for `.eps' on input line 4
38.
Package grfext Info: Graphics extension search list:
(grfext)             [.png,.pdf,.jpg,.mps,.jpeg,.jbig2,.jb2,.PNG,.PDF,.JPG,.JPE
G,.JBIG2,.JB2,.eps]
(grfext)             \AppendGraphicsExtensions on input line 456.

(/usr/local/texlive/2017/texmf-dist/tex/latex/latexconfig/epstopdf-sys.cfg
File: epstopdf-sys.cfg 2010/07/13 v1.3 Configuration of (r)epstopdf for TeX Liv
e
))
LaTeX Font Info:    Try loading font information for OMS+cmr on input line 21.

(/usr/local/texlive/2017/texmf-dist/tex/latex/base/omscmr.fd
File: omscmr.fd 2014/09/29 v2.5h Standard LaTeX font definitions
)
LaTeX Font Info:    Font shape `OMS/cmr/m/n' in size <10> not available
(Font)              Font shape `OMS/cmsy/m/n' tried instead on input line 21.
 [1

{/usr/local/texlive/2017/texmf-var/fonts/map/pdftex/updmap/pdftex.map}] [2]
Package epstopdf Info: Source file: <lab2_01.eps>
(epstopdf)                    date: 2018-01-30 18:43:15
(epstopdf)                    size: 82834 bytes
(epstopdf)             Output file: <lab2_01-eps-converted-to.pdf>
(epstopdf)                    date: 2018-01-30 18:44:37
(epstopdf)                    size: 8816 bytes
(epstopdf)             Command: <repstopdf --outfile=lab2_01-eps-converted-to.p
df lab2_01.eps>
(epstopdf)             \includegraphics on input line 125.
Package epstopdf Info: Output file is already uptodate.

<lab2_01-eps-converted-to.pdf, id=13, 462.72874pt x 373.395pt>
File: lab2_01-eps-converted-to.pdf Graphic file (type pdf)

<use lab2_01-eps-converted-to.pdf>
Package pdftex.def Info: lab2_01-eps-converted-to.pdf used on input line 125.
(pdftex.def)             Requested size: 289.07999pt x 233.27444pt.
Package epstopdf Info: Source file: <lab2_02.eps>
(epstopdf)                    date: 2018-01-30 18:43:16
(epstopdf)                    size: 82581 bytes
(epstopdf)             Output file: <lab2_02-eps-converted-to.pdf>
(epstopdf)                    date: 2018-01-30 18:44:38
(epstopdf)                    size: 8973 bytes
(epstopdf)             Command: <repstopdf --outfile=lab2_02-eps-converted-to.p
df lab2_02.eps>
(epstopdf)             \includegraphics on input line 127.
Package epstopdf Info: Output file is already uptodate.

<lab2_02-eps-converted-to.pdf, id=14, 462.72874pt x 373.395pt>
File: lab2_02-eps-converted-to.pdf Graphic file (type pdf)

<use lab2_02-eps-converted-to.pdf>
Package pdftex.def Info: lab2_02-eps-converted-to.pdf used on input line 127.
(pdftex.def)             Requested size: 289.07999pt x 233.27444pt.
 [3 <./lab2_01-eps-converted-to.pdf>]
Overfull \hbox (258.74474pt too wide) in paragraph at lines 173--173
[]    \OT1/cmtt/m/n/10 '/Users/brianhosler/Documents/Drexel/17-18/Winter/ECES43
5/Winter2018/ECES435/Assignment2/Assignment2Files/',1);[] 
 []

[4 <./lab2_02-eps-converted-to.pdf>]
Overfull \hbox (248.24483pt too wide) in paragraph at lines 173--173
[]    \OT1/cmtt/m/n/10 '/Users/brianhosler/Documents/Drexel/17-18/Winter/ECES43
5/Winter2018/ECES435/Assignment2/Assignment2Files/');[] 
 []


Overfull \hbox (90.7462pt too wide) in paragraph at lines 173--173
[]        \OT1/cmtt/m/n/10 pep(8*(i-1)+1:i*8,8*(j-1)+1:j*8)=idct2(Vector2Zigzag
Mtx(iZZDCTQIm(ndx,:)));[] 
 []

[5]
Package epstopdf Info: Source file: <lab2_03.eps>
(epstopdf)                    date: 2018-01-30 18:44:10
(epstopdf)                    size: 2177051 bytes
(epstopdf)             Output file: <lab2_03-eps-converted-to.pdf>
(epstopdf)                    date: 2018-01-30 18:44:38
(epstopdf)                    size: 281494 bytes
(epstopdf)             Command: <repstopdf --outfile=lab2_03-eps-converted-to.p
df lab2_03.eps>
(epstopdf)             \includegraphics on input line 249.
Package epstopdf Info: Output file is already uptodate.
 <lab2_03-eps-converted-to.pdf, id=48, 514.92375pt x 514.92375pt>
File: lab2_03-eps-converted-to.pdf Graphic file (type pdf)

<use lab2_03-eps-converted-to.pdf>
Package pdftex.def Info: lab2_03-eps-converted-to.pdf used on input line 249.
(pdftex.def)             Requested size: 289.07999pt x 289.08604pt.
 [6] [7 <./lab2_03-eps-converted-to.pdf>]
(./lab2.aux) ) 
Here is how much of TeX's memory you used:
 1546 strings out of 492995
 22710 string characters out of 6132704
 83065 words of memory out of 5000000
 5105 multiletter control sequences out of 15000+600000
 4413 words of font info for 17 fonts, out of 8000000 for 9000
 1141 hyphenation exceptions out of 8191
 39i,5n,25p,230b,249s stack positions out of 5000i,500n,10000p,200000b,80000s
</usr/local/texlive/2017/texmf-dist/fonts/type1/public/amsfonts/c
m/cmbx12.pfb></usr/local/texlive/2017/texmf-dist/fonts/type1/public/amsfonts/cm
/cmr10.pfb></usr/local/texlive/2017/texmf-dist/fonts/type1/public/amsfonts/cm/c
msy10.pfb></usr/local/texlive/2017/texmf-dist/fonts/type1/public/amsfonts/cm/cm
tt10.pfb>
Output written on lab2.pdf (7 pages, 350224 bytes).
PDF statistics:
 74 PDF objects out of 1000 (max. 8388607)
 50 compressed objects within 1 object stream
 0 named destinations out of 1000 (max. 500000)
 16 words of extra memory for PDF output out of 10000 (max. 10000000)

